[0.014s] Invoking command in '/home/robotica/ros_bot/ros_bot/build/ros_bot': CMAKE_PREFIX_PATH=${CMAKE_PREFIX_PATH}:/opt/ros/humble /usr/bin/cmake --build /home/robotica/ros_bot/ros_bot/build/ros_bot -- -j12 -l12
[0.076s] Invoked command in '/home/robotica/ros_bot/ros_bot/build/ros_bot' returned '0': CMAKE_PREFIX_PATH=${CMAKE_PREFIX_PATH}:/opt/ros/humble /usr/bin/cmake --build /home/robotica/ros_bot/ros_bot/build/ros_bot -- -j12 -l12
[0.116s] Invoking command in '/home/robotica/ros_bot/ros_bot/build/ros_bot': CMAKE_PREFIX_PATH=${CMAKE_PREFIX_PATH}:/opt/ros/humble /usr/bin/cmake --install /home/robotica/ros_bot/ros_bot/build/ros_bot
[0.122s] -- Install configuration: ""
[0.123s] -- Execute custom install script
[0.123s] -- Up-to-date symlink: /home/robotica/ros_bot/ros_bot/install/ros_bot/share/ros_bot/config/empty.yaml
[0.123s] -- Up-to-date symlink: /home/robotica/ros_bot/ros_bot/install/ros_bot/share/ros_bot/config/view_bot.rviz
[0.124s] -- Up-to-date symlink: /home/robotica/ros_bot/ros_bot/install/ros_bot/share/ros_bot/description/inertial_macros.xacro
[0.124s] -- Up-to-date symlink: /home/robotica/ros_bot/ros_bot/install/ros_bot/share/ros_bot/description/robot.urdf.xacro
[0.124s] -- Up-to-date symlink: /home/robotica/ros_bot/ros_bot/install/ros_bot/share/ros_bot/description/robot_core.xacro
[0.124s] -- Up-to-date symlink: /home/robotica/ros_bot/ros_bot/install/ros_bot/share/ros_bot/launch/launch_sim.launch.py
[0.125s] -- Up-to-date symlink: /home/robotica/ros_bot/ros_bot/install/ros_bot/share/ros_bot/launch/rsp.launch.py
[0.125s] -- Up-to-date symlink: /home/robotica/ros_bot/ros_bot/install/ros_bot/share/ros_bot/worlds/empty.world
[0.125s] -- Up-to-date symlink: /home/robotica/ros_bot/ros_bot/install/ros_bot/share/ament_index/resource_index/package_run_dependencies/ros_bot
[0.125s] -- Up-to-date symlink: /home/robotica/ros_bot/ros_bot/install/ros_bot/share/ament_index/resource_index/parent_prefix_path/ros_bot
[0.126s] -- Up-to-date symlink: /home/robotica/ros_bot/ros_bot/install/ros_bot/share/ros_bot/environment/ament_prefix_path.sh
[0.126s] -- Up-to-date symlink: /home/robotica/ros_bot/ros_bot/install/ros_bot/share/ros_bot/environment/ament_prefix_path.dsv
[0.126s] -- Up-to-date symlink: /home/robotica/ros_bot/ros_bot/install/ros_bot/share/ros_bot/environment/path.sh
[0.126s] -- Up-to-date symlink: /home/robotica/ros_bot/ros_bot/install/ros_bot/share/ros_bot/environment/path.dsv
[0.126s] -- Up-to-date symlink: /home/robotica/ros_bot/ros_bot/install/ros_bot/share/ros_bot/local_setup.bash
[0.126s] -- Up-to-date symlink: /home/robotica/ros_bot/ros_bot/install/ros_bot/share/ros_bot/local_setup.sh
[0.126s] -- Up-to-date symlink: /home/robotica/ros_bot/ros_bot/install/ros_bot/share/ros_bot/local_setup.zsh
[0.127s] -- Up-to-date symlink: /home/robotica/ros_bot/ros_bot/install/ros_bot/share/ros_bot/local_setup.dsv
[0.127s] -- Symlinking: /home/robotica/ros_bot/ros_bot/install/ros_bot/share/ros_bot/package.dsv
[0.133s] -- Up-to-date symlink: /home/robotica/ros_bot/ros_bot/install/ros_bot/share/ament_index/resource_index/packages/ros_bot
[0.133s] -- Up-to-date symlink: /home/robotica/ros_bot/ros_bot/install/ros_bot/share/ros_bot/cmake/ros_botConfig.cmake
[0.133s] -- Up-to-date symlink: /home/robotica/ros_bot/ros_bot/install/ros_bot/share/ros_bot/cmake/ros_botConfig-version.cmake
[0.133s] -- Up-to-date symlink: /home/robotica/ros_bot/ros_bot/install/ros_bot/share/ros_bot/package.xml
[0.135s] Invoked command in '/home/robotica/ros_bot/ros_bot/build/ros_bot' returned '0': CMAKE_PREFIX_PATH=${CMAKE_PREFIX_PATH}:/opt/ros/humble /usr/bin/cmake --install /home/robotica/ros_bot/ros_bot/build/ros_bot
