[0.013s] Invoking command in '/home/robotica/ros_bot/ros_bot/build/ros_bot': CMAKE_PREFIX_PATH=${CMAKE_PREFIX_PATH}:/opt/ros/humble /usr/bin/cmake /home/robotica/ros_bot/ros_bot -DAMENT_CMAKE_SYMLINK_INSTALL=1 -DCMAKE_INSTALL_PREFIX=/home/robotica/ros_bot/ros_bot/install/ros_bot
[0.078s] -- The C compiler identification is GNU 11.4.0
[0.139s] -- The CXX compiler identification is GNU 11.4.0
[0.146s] -- Detecting C compiler ABI info
[0.216s] -- Detecting C compiler ABI info - done
[0.231s] -- Check for working C compiler: /usr/bin/cc - skipped
[0.231s] -- Detecting C compile features
[0.232s] -- Detecting C compile features - done
[0.237s] -- Detecting CXX compiler ABI info
[0.316s] -- Detecting CXX compiler ABI info - done
[0.324s] -- Check for working CXX compiler: /usr/bin/c++ - skipped
[0.324s] -- Detecting CXX compile features
[0.325s] -- Detecting CXX compile features - done
[0.327s] -- Found ament_cmake: 1.3.5 (/opt/ros/humble/share/ament_cmake/cmake)
[0.514s] -- Found Python3: /usr/bin/python3.10 (found version "3.10.12") found components: Interpreter 
[0.573s] -- Override CMake install command with custom implementation using symlinks instead of copying resources
[0.595s] -- Found ament_lint_auto: 0.12.7 (/opt/ros/humble/share/ament_lint_auto/cmake)
[0.669s] -- Added test 'copyright' to check source files copyright and LICENSE
[0.675s] -- Added test 'cppcheck' to perform static code analysis on C / C++ code
[0.676s] -- Configured cppcheck include dirs: 
[0.676s] -- Configured cppcheck exclude dirs and/or files: 
[0.682s] -- Added test 'cpplint' to check C / C++ code against the Google style
[0.682s] -- Configured cpplint exclude dirs and/or files: 
[0.683s] -- Added test 'flake8' to check Python code syntax and style conventions
[0.685s] -- Added test 'lint_cmake' to check CMake code style
[0.686s] -- Added test 'pep257' to check Python code against some of the docstring style conventions in PEP 257
[0.693s] -- Added test 'uncrustify' to check C / C++ code style
[0.693s] -- Configured uncrustify additional arguments: 
[0.694s] -- Added test 'xmllint' to check XML markup files
[0.696s] -- Configuring done
[0.698s] -- Generating done
[0.700s] -- Build files have been written to: /home/robotica/ros_bot/ros_bot/build/ros_bot
[0.703s] Invoked command in '/home/robotica/ros_bot/ros_bot/build/ros_bot' returned '0': CMAKE_PREFIX_PATH=${CMAKE_PREFIX_PATH}:/opt/ros/humble /usr/bin/cmake /home/robotica/ros_bot/ros_bot -DAMENT_CMAKE_SYMLINK_INSTALL=1 -DCMAKE_INSTALL_PREFIX=/home/robotica/ros_bot/ros_bot/install/ros_bot
[0.705s] Invoking command in '/home/robotica/ros_bot/ros_bot/build/ros_bot': CMAKE_PREFIX_PATH=${CMAKE_PREFIX_PATH}:/opt/ros/humble /usr/bin/cmake --build /home/robotica/ros_bot/ros_bot/build/ros_bot -- -j12 -l12
[0.741s] Invoked command in '/home/robotica/ros_bot/ros_bot/build/ros_bot' returned '0': CMAKE_PREFIX_PATH=${CMAKE_PREFIX_PATH}:/opt/ros/humble /usr/bin/cmake --build /home/robotica/ros_bot/ros_bot/build/ros_bot -- -j12 -l12
[0.766s] Invoking command in '/home/robotica/ros_bot/ros_bot/build/ros_bot': CMAKE_PREFIX_PATH=${CMAKE_PREFIX_PATH}:/opt/ros/humble /usr/bin/cmake --install /home/robotica/ros_bot/ros_bot/build/ros_bot
[0.773s] -- Install configuration: ""
[0.773s] -- Execute custom install script
[0.774s] -- Symlinking: /home/robotica/ros_bot/ros_bot/install/ros_bot/share/ros_bot/config/empty.yaml
[0.781s] -- Symlinking: /home/robotica/ros_bot/ros_bot/install/ros_bot/share/ros_bot/config/view_bot.rviz
[0.789s] -- Symlinking: /home/robotica/ros_bot/ros_bot/install/ros_bot/share/ros_bot/description/inertial_macros.xacro
[0.805s] -- Symlinking: /home/robotica/ros_bot/ros_bot/install/ros_bot/share/ros_bot/description/robot.urdf.xacro
[0.820s] -- Symlinking: /home/robotica/ros_bot/ros_bot/install/ros_bot/share/ros_bot/description/robot_core.xacro
[0.828s] -- Symlinking: /home/robotica/ros_bot/ros_bot/install/ros_bot/share/ros_bot/launch/launch_sim-launch.py
[0.836s] -- Symlinking: /home/robotica/ros_bot/ros_bot/install/ros_bot/share/ros_bot/launch/rsp.launch.py
[0.845s] -- Symlinking: /home/robotica/ros_bot/ros_bot/install/ros_bot/share/ros_bot/worlds/empty.world
[0.861s] -- Symlinking: /home/robotica/ros_bot/ros_bot/install/ros_bot/share/ament_index/resource_index/package_run_dependencies/ros_bot
[0.870s] -- Symlinking: /home/robotica/ros_bot/ros_bot/install/ros_bot/share/ament_index/resource_index/parent_prefix_path/ros_bot
[0.884s] -- Symlinking: /home/robotica/ros_bot/ros_bot/install/ros_bot/share/ros_bot/environment/ament_prefix_path.sh
[0.893s] -- Symlinking: /home/robotica/ros_bot/ros_bot/install/ros_bot/share/ros_bot/environment/ament_prefix_path.dsv
[0.900s] -- Symlinking: /home/robotica/ros_bot/ros_bot/install/ros_bot/share/ros_bot/environment/path.sh
[0.908s] -- Symlinking: /home/robotica/ros_bot/ros_bot/install/ros_bot/share/ros_bot/environment/path.dsv
[0.917s] -- Symlinking: /home/robotica/ros_bot/ros_bot/install/ros_bot/share/ros_bot/local_setup.bash
[0.924s] -- Symlinking: /home/robotica/ros_bot/ros_bot/install/ros_bot/share/ros_bot/local_setup.sh
[0.932s] -- Symlinking: /home/robotica/ros_bot/ros_bot/install/ros_bot/share/ros_bot/local_setup.zsh
[0.940s] -- Symlinking: /home/robotica/ros_bot/ros_bot/install/ros_bot/share/ros_bot/local_setup.dsv
[0.948s] -- Symlinking: /home/robotica/ros_bot/ros_bot/install/ros_bot/share/ros_bot/package.dsv
[0.963s] -- Symlinking: /home/robotica/ros_bot/ros_bot/install/ros_bot/share/ament_index/resource_index/packages/ros_bot
[0.978s] -- Symlinking: /home/robotica/ros_bot/ros_bot/install/ros_bot/share/ros_bot/cmake/ros_botConfig.cmake
[0.986s] -- Symlinking: /home/robotica/ros_bot/ros_bot/install/ros_bot/share/ros_bot/cmake/ros_botConfig-version.cmake
[0.994s] -- Symlinking: /home/robotica/ros_bot/ros_bot/install/ros_bot/share/ros_bot/package.xml
[1.004s] Invoked command in '/home/robotica/ros_bot/ros_bot/build/ros_bot' returned '0': CMAKE_PREFIX_PATH=${CMAKE_PREFIX_PATH}:/opt/ros/humble /usr/bin/cmake --install /home/robotica/ros_bot/ros_bot/build/ros_bot
